<!DOCTYPE suite SYSTEM "http://testng.org/testng-1.0.dtd">
<suite name="Suite_1">
    <test name="Test_1">
        <classes>
            <class name="com.assessment1.GitHubUsersSearchTest"/>
        </classes>
    </test>
</suite>